<?xml version="1.0" encoding="UTF-8"?>
<testng-results skipped="0" failed="0" total="1" passed="1">
  <reporter-output>
  </reporter-output>
  <suite name="Model.UtilNGTest" duration-ms="10925" started-at="2019-12-10T16:59:48Z" finished-at="2019-12-10T16:59:59Z">
    <groups>
    </groups>
    <test name="Command line test" duration-ms="10925" started-at="2019-12-10T16:59:48Z" finished-at="2019-12-10T16:59:59Z">
      <class name="Model.UtilNGTest">
        <test-method status="PASS" signature="setUpMethod()[pri:0, instance:Model.UtilNGTest@d041cf]" name="setUpMethod" is-config="true" duration-ms="32" started-at="2019-12-10T18:59:48Z" finished-at="2019-12-10T18:59:48Z">
          <reporter-output>
          </reporter-output>
        </test-method> <!-- setUpMethod -->
        <test-method status="PASS" signature="testSomeMethod()[pri:0, instance:Model.UtilNGTest@d041cf]" name="testSomeMethod" duration-ms="10830" started-at="2019-12-10T18:59:48Z" finished-at="2019-12-10T18:59:59Z">
          <reporter-output>
          </reporter-output>
        </test-method> <!-- testSomeMethod -->
        <test-method status="PASS" signature="tearDownMethod()[pri:0, instance:Model.UtilNGTest@d041cf]" name="tearDownMethod" is-config="true" duration-ms="0" started-at="2019-12-10T18:59:59Z" finished-at="2019-12-10T18:59:59Z">
          <reporter-output>
          </reporter-output>
        </test-method> <!-- tearDownMethod -->
      </class> <!-- Model.UtilNGTest -->
    </test> <!-- Command line test -->
  </suite> <!-- Model.UtilNGTest -->
</testng-results>
